
=====================================<br><font color=magenta>execution of task	: <b>Tabs</b>, starting</font><br>Source	: <b><font color=blue>/home/bkessels/bk-cloud/Tabs</font></b><br>Destination	: <b><font color=blue>/run/media/bkessels/USB Bart/</font></b>
sending incremental file list


Number of files: 228 (reg: 222, dir: 6)
Number of created files: 0
Number of deleted files: 0
Number of regular files transferred: 0
Total file size: 10.27M bytes
Total transferred file size: 0 bytes
Literal data: 0 bytes
Matched data: 0 bytes
File list size: 0
File list generation time: 0.001 seconds
File list transfer time: 0.000 seconds
Total bytes sent: 8.72K
Total bytes received: 22

sent 8.72K bytes  received 22 bytes  17.48K bytes/sec
total size is 10.27M  speedup is 1,175.30


<font color=cyan>&nbsp;&nbsp;&nbsp;&nbsp;-----| Backing-up profile, logfiles and snapshot data -> Ok |-----</font><br>
<font color=magenta>execution of task	: <b>Tabs</b>, finished</font>
=====================================<br>