
=====================================<br><font color=magenta>execution of task	: <b>Muziek (eigen)</b>, starting</font><br>Source	: <b><font color=blue>/home/bkessels/bk-cloud/Muziek/Eigen</font></b><br>Destination	: <b><font color=blue>/run/media/bkessels/USB Bart/</font></b>
sending incremental file list


Number of files: 1,897 (reg: 1,744, dir: 153)
Number of created files: 0
Number of deleted files: 0
Number of regular files transferred: 0
Total file size: 9.09G bytes
Total transferred file size: 0 bytes
Literal data: 0 bytes
Matched data: 0 bytes
File list size: 0
File list generation time: 0.001 seconds
File list transfer time: 0.000 seconds
Total bytes sent: 61.95K
Total bytes received: 173

sent 61.95K bytes  received 173 bytes  41.41K bytes/sec
total size is 9.09G  speedup is 146,384.95


<font color=cyan>&nbsp;&nbsp;&nbsp;&nbsp;-----| Backing-up profile, logfiles and snapshot data -> Ok |-----</font><br>
<font color=magenta>execution of task	: <b>Muziek (eigen)</b>, finished</font>
=====================================<br>