
=====================================<br><font color=magenta>execution of task	: <b>Notities</b>, starting</font><br>Source	: <b><font color=blue>/home/bkessels/bk-cloud/Notities</font></b><br>Destination	: <b><font color=blue>/run/media/bkessels/USB Bart/</font></b>
sending incremental file list


Number of files: 59 (reg: 46, dir: 13)
Number of created files: 0
Number of deleted files: 0
Number of regular files transferred: 0
Total file size: 223.55K bytes
Total transferred file size: 0 bytes
Literal data: 0 bytes
Matched data: 0 bytes
File list size: 0
File list generation time: 0.001 seconds
File list transfer time: 0.000 seconds
Total bytes sent: 2.27K
Total bytes received: 29

sent 2.27K bytes  received 29 bytes  4.59K bytes/sec
total size is 223.55K  speedup is 97.45


<font color=cyan>&nbsp;&nbsp;&nbsp;&nbsp;-----| Backing-up profile, logfiles and snapshot data -> Ok |-----</font><br>
<font color=magenta>execution of task	: <b>Notities</b>, finished</font>
=====================================<br>