
=====================================<br><font color=magenta>execution of task	: <b>Software</b>, starting</font><br>Source	: <b><font color=blue>/home/bkessels/bk-cloud/Software</font></b><br>Destination	: <b><font color=blue>/run/media/bkessels/USB Bart/</font></b>
sending incremental file list



Number of files: 18,709 (reg: 15,818, dir: 2,891)
Number of created files: 0
Number of deleted files: 0
Number of regular files transferred: 0
Total file size: 1.52G bytes
Total transferred file size: 0 bytes
Literal data: 0 bytes
Matched data: 0 bytes
File list size: 0
File list generation time: 0.001 seconds
File list transfer time: 0.000 seconds
Total bytes sent: 539.92K
Total bytes received: 3.02K

sent 539.92K bytes  received 3.02K bytes  83.53K bytes/sec
total size is 1.52G  speedup is 2,804.06


<font color=cyan>&nbsp;&nbsp;&nbsp;&nbsp;-----| Backing-up profile, logfiles and snapshot data -> Ok |-----</font><br>
<font color=magenta>execution of task	: <b>Software</b>, finished</font>
=====================================<br>