
=====================================<br><font color=magenta>execution of task	: <b>Documenten</b>, starting</font><br>Source	: <b><font color=blue>/home/bkessels/bk-cloud/Documenten</font></b><br>Destination	: <b><font color=blue>/run/media/bkessels/USB Bart/</font></b>
sending incremental file list


Number of files: 336 (reg: 286, dir: 50)
Number of created files: 0
Number of deleted files: 0
Number of regular files transferred: 0
Total file size: 2.53G bytes
Total transferred file size: 0 bytes
Literal data: 0 bytes
Matched data: 0 bytes
File list size: 0
File list generation time: 0.001 seconds
File list transfer time: 0.000 seconds
Total bytes sent: 9.46K
Total bytes received: 66

sent 9.46K bytes  received 66 bytes  19.06K bytes/sec
total size is 2.53G  speedup is 265,471.55


<font color=cyan>&nbsp;&nbsp;&nbsp;&nbsp;-----| Backing-up profile, logfiles and snapshot data -> Ok |-----</font><br>
<font color=magenta>execution of task	: <b>Documenten</b>, finished</font>
=====================================<br>