
=====================================<br><font color=magenta>execution of task	: <b>Boeken</b>, starting</font><br>Source	: <b><font color=blue>/home/bkessels/bk-cloud/Boeken</font></b><br>Destination	: <b><font color=blue>/run/media/bkessels/USB Bart/</font></b>
sending incremental file list



Number of files: 76 (reg: 75, dir: 1)
Number of created files: 0
Number of deleted files: 0
Number of regular files transferred: 0
Total file size: 374.76M bytes
Total transferred file size: 0 bytes
Literal data: 0 bytes
Matched data: 0 bytes
File list size: 0
File list generation time: 0.001 seconds
File list transfer time: 0.000 seconds
Total bytes sent: 2.80K
Total bytes received: 17

sent 2.80K bytes  received 17 bytes  5.64K bytes/sec
total size is 374.76M  speedup is 132,989.13


<font color=cyan>&nbsp;&nbsp;&nbsp;&nbsp;-----| Backing-up profile, logfiles and snapshot data -> Ok |-----</font><br>
<font color=magenta>execution of task	: <b>Boeken</b>, finished</font>
=====================================<br>