
=====================================<br><font color=magenta>execution of task	: <b>Videos (spatje)</b>, starting</font><br>Source	: <b><font color=blue>/home/bkessels/bk-cloud/Videos/Dieren/Spatje</font></b><br>Destination	: <b><font color=blue>/run/media/bkessels/USB Bart/</font></b>
sending incremental file list


Number of files: 8 (reg: 7, dir: 1)
Number of created files: 0
Number of deleted files: 0
Number of regular files transferred: 0
Total file size: 340.32M bytes
Total transferred file size: 0 bytes
Literal data: 0 bytes
Matched data: 0 bytes
File list size: 0
File list generation time: 0.001 seconds
File list transfer time: 0.000 seconds
Total bytes sent: 299
Total bytes received: 17

sent 299 bytes  received 17 bytes  632.00 bytes/sec
total size is 340.32M  speedup is 1,076,972.68


<font color=cyan>&nbsp;&nbsp;&nbsp;&nbsp;-----| Backing-up profile, logfiles and snapshot data -> Ok |-----</font><br>
<font color=magenta>execution of task	: <b>Videos (spatje)</b>, finished</font>
=====================================<br>