[    27.978] (--) Log file renamed from "/home/bkessels/.local/share/xorg/Xorg.pid-1907.log" to "/home/bkessels/.local/share/xorg/Xorg.0.log"
[    27.980] 
X.Org X Server 1.18.4
Release Date: 2016-07-19
[    27.980] X Protocol Version 11, Revision 0
[    27.980] Build Operating System:  4.7.9-200.fc24.x86_64 
[    27.980] Current Operating System: Linux BKcomputer 4.8.8-200.fc24.x86_64 #1 SMP Tue Nov 15 19:41:51 UTC 2016 x86_64
[    27.980] Kernel command line: BOOT_IMAGE=/vmlinuz-4.8.8-200.fc24.x86_64 root=/dev/mapper/fedora-root ro rd.lvm.lv=fedora/root rd.luks.uuid=luks-7f12b14f-20e1-490e-82e9-6a48b32400ed rd.lvm.lv=fedora/swap rhgb quiet LANG=en_US.UTF-8
[    27.980] Build Date: 15 November 2016  04:39:46AM
[    27.980] Build ID: xorg-x11-server 1.18.4-5.fc24 
[    27.980] Current version of pixman: 0.34.0
[    27.980] 	Before reporting problems, check http://wiki.x.org
	to make sure that you have the latest version.
[    27.980] Markers: (--) probed, (**) from config file, (==) default setting,
	(++) from command line, (!!) notice, (II) informational,
	(WW) warning, (EE) error, (NI) not implemented, (??) unknown.
[    27.980] (==) Log file: "/home/bkessels/.local/share/xorg/Xorg.0.log", Time: Mon Nov 21 19:51:18 2016
[    27.981] (==) Using config directory: "/etc/X11/xorg.conf.d"
[    27.981] (==) Using system config directory "/usr/share/X11/xorg.conf.d"
[    27.983] (==) No Layout section.  Using the first Screen section.
[    27.983] (==) No screen section available. Using defaults.
[    27.983] (**) |-->Screen "Default Screen Section" (0)
[    27.983] (**) |   |-->Monitor "<default monitor>"
[    27.985] (==) No monitor specified for screen "Default Screen Section".
	Using a default monitor configuration.
[    27.985] (==) Automatically adding devices
[    27.985] (==) Automatically enabling devices
[    27.985] (==) Automatically adding GPU devices
[    27.985] (==) Max clients allowed: 256, resource mask: 0x1fffff
[    27.985] (==) FontPath set to:
	catalogue:/etc/X11/fontpath.d,
	built-ins
[    27.985] (==) ModulePath set to "/usr/lib64/xorg/modules"
[    27.985] (II) The server relies on udev to provide the list of input devices.
	If no devices become available, reconfigure udev or disable AutoAddDevices.
[    27.985] (II) Loader magic: 0x824dc0
[    27.985] (II) Module ABI versions:
[    27.985] 	X.Org ANSI C Emulation: 0.4
[    27.985] 	X.Org Video Driver: 20.0
[    27.985] 	X.Org XInput driver : 22.1
[    27.985] 	X.Org Server Extension : 9.0
[    27.988] (++) using VT number 2

[    27.993] (II) systemd-logind: took control of session /org/freedesktop/login1/session/_32
[    27.994] (II) xfree86: Adding drm device (/dev/dri/card0)
[    27.995] (II) systemd-logind: got fd for /dev/dri/card0 226:0 fd 9 paused 0
[    27.997] (--) PCI:*(0:1:0:0) 10de:0a65:1458:3530 rev 162, Mem @ 0xfd000000/16777216, 0xd0000000/268435456, 0xce000000/33554432, I/O @ 0x0000cc00/128, BIOS @ 0x????????/65536
[    27.997] (II) LoadModule: "glx"
[    27.998] (II) Loading /usr/lib64/xorg/modules/extensions/libglx.so
[    28.005] (II) Module glx: vendor="X.Org Foundation"
[    28.006] 	compiled for 1.18.4, module version = 1.0.0
[    28.006] 	ABI class: X.Org Server Extension, version 9.0
[    28.006] (==) AIGLX enabled
[    28.006] (==) Matched nouveau as autoconfigured driver 0
[    28.006] (==) Matched nv as autoconfigured driver 1
[    28.006] (==) Matched nouveau as autoconfigured driver 2
[    28.006] (==) Matched nv as autoconfigured driver 3
[    28.006] (==) Matched modesetting as autoconfigured driver 4
[    28.006] (==) Matched fbdev as autoconfigured driver 5
[    28.006] (==) Matched vesa as autoconfigured driver 6
[    28.006] (==) Assigned the driver to the xf86ConfigLayout
[    28.006] (II) LoadModule: "nouveau"
[    28.006] (II) Loading /usr/lib64/xorg/modules/drivers/nouveau_drv.so
[    28.010] (II) Module nouveau: vendor="X.Org Foundation"
[    28.010] 	compiled for 1.18.3, module version = 1.0.12
[    28.010] 	Module class: X.Org Video Driver
[    28.010] 	ABI class: X.Org Video Driver, version 20.0
[    28.010] (II) LoadModule: "nv"
[    28.010] (WW) Warning, couldn't open module nv
[    28.010] (II) UnloadModule: "nv"
[    28.010] (II) Unloading nv
[    28.010] (EE) Failed to load module "nv" (module does not exist, 0)
[    28.010] (II) LoadModule: "modesetting"
[    28.010] (II) Loading /usr/lib64/xorg/modules/drivers/modesetting_drv.so
[    28.013] (II) Module modesetting: vendor="X.Org Foundation"
[    28.013] 	compiled for 1.18.4, module version = 1.18.4
[    28.013] 	Module class: X.Org Video Driver
[    28.013] 	ABI class: X.Org Video Driver, version 20.0
[    28.013] (II) LoadModule: "fbdev"
[    28.013] (II) Loading /usr/lib64/xorg/modules/drivers/fbdev_drv.so
[    28.014] (II) Module fbdev: vendor="X.Org Foundation"
[    28.014] 	compiled for 1.18.0, module version = 0.4.3
[    28.014] 	Module class: X.Org Video Driver
[    28.014] 	ABI class: X.Org Video Driver, version 20.0
[    28.014] (II) LoadModule: "vesa"
[    28.015] (II) Loading /usr/lib64/xorg/modules/drivers/vesa_drv.so
[    28.016] (II) Module vesa: vendor="X.Org Foundation"
[    28.016] 	compiled for 1.18.0, module version = 2.3.2
[    28.016] 	Module class: X.Org Video Driver
[    28.016] 	ABI class: X.Org Video Driver, version 20.0
[    28.016] (II) NOUVEAU driver 
[    28.016] (II) NOUVEAU driver for NVIDIA chipset families :
[    28.016] 	RIVA TNT        (NV04)
[    28.016] 	RIVA TNT2       (NV05)
[    28.016] 	GeForce 256     (NV10)
[    28.016] 	GeForce 2       (NV11, NV15)
[    28.016] 	GeForce 4MX     (NV17, NV18)
[    28.016] 	GeForce 3       (NV20)
[    28.016] 	GeForce 4Ti     (NV25, NV28)
[    28.016] 	GeForce FX      (NV3x)
[    28.016] 	GeForce 6       (NV4x)
[    28.016] 	GeForce 7       (G7x)
[    28.016] 	GeForce 8       (G8x)
[    28.016] 	GeForce GTX 200 (NVA0)
[    28.016] 	GeForce GTX 400 (NVC0)
[    28.016] (II) modesetting: Driver for Modesetting Kernel Drivers: kms
[    28.016] (II) FBDEV: driver for framebuffer: fbdev
[    28.016] (II) VESA: driver for VESA chipsets: vesa
[    28.016] xf86EnableIOPorts: failed to set IOPL for I/O (Operation not permitted)
[    28.017] (II) [drm] nouveau interface version: 1.3.1
[    28.017] (WW) Falling back to old probe method for modesetting
[    28.018] (WW) Falling back to old probe method for fbdev
[    28.018] (II) Loading sub module "fbdevhw"
[    28.018] (II) LoadModule: "fbdevhw"
[    28.018] (II) Loading /usr/lib64/xorg/modules/libfbdevhw.so
[    28.021] (II) Module fbdevhw: vendor="X.Org Foundation"
[    28.021] 	compiled for 1.18.4, module version = 0.0.2
[    28.021] 	ABI class: X.Org Video Driver, version 20.0
[    28.021] (EE) open /dev/fb0: Permission denied
[    28.021] (WW) Falling back to old probe method for vesa
[    28.021] (WW) VGA arbiter: cannot open kernel arbiter, no multi-card support
[    28.021] (II) Loading sub module "dri2"
[    28.021] (II) LoadModule: "dri2"
[    28.021] (II) Module "dri2" already built-in
[    28.021] (--) NOUVEAU(0): Chipset: "NVIDIA NVA8"
[    28.021] (II) NOUVEAU(0): Creating default Display subsection in Screen section
	"Default Screen Section" for depth/fbbpp 24/32
[    28.021] (==) NOUVEAU(0): Depth 24, (--) framebuffer bpp 32
[    28.021] (==) NOUVEAU(0): RGB weight 888
[    28.021] (==) NOUVEAU(0): Default visual is TrueColor
[    28.021] (==) NOUVEAU(0): Using HW cursor
[    28.021] (==) NOUVEAU(0): Allowed maximum DRI level 2.
[    28.021] (==) NOUVEAU(0): GLX sync to VBlank enabled.
[    28.021] (==) NOUVEAU(0): Page flipping enabled
[    28.021] (==) NOUVEAU(0): Swap limit set to 1 [Max allowed 2]
[    28.021] (==) NOUVEAU(0): Page flipping synced to vblank by kernel.
[    28.021] (II) NOUVEAU(0): Initializing outputs ...
[    28.047] (II) NOUVEAU(0): Output DVI-I-1 has no monitor section
[    28.097] (II) NOUVEAU(0): Output HDMI-1 has no monitor section
[    28.107] (II) NOUVEAU(0): Output VGA-1 has no monitor section
[    28.107] (II) NOUVEAU(0): 3 crtcs needed for screen.
[    28.109] (II) NOUVEAU(0): Allocated crtc nr. 0 to this screen.
[    28.110] (II) NOUVEAU(0): Allocated crtc nr. 1 to this screen.
[    28.136] (II) NOUVEAU(0): EDID for output DVI-I-1
[    28.136] (II) NOUVEAU(0): Manufacturer: ACI  Model: 22fd  Serial#: 298048
[    28.136] (II) NOUVEAU(0): Year: 2013  Week: 39
[    28.136] (II) NOUVEAU(0): EDID Version: 1.3
[    28.136] (II) NOUVEAU(0): Digital Display Input
[    28.136] (II) NOUVEAU(0): Max Image Size [cm]: horiz.: 48  vert.: 27
[    28.136] (II) NOUVEAU(0): Gamma: 2.20
[    28.136] (II) NOUVEAU(0): DPMS capabilities: Off
[    28.136] (II) NOUVEAU(0): Supported color encodings: RGB 4:4:4 YCrCb 4:4:4 
[    28.136] (II) NOUVEAU(0): First detailed timing is preferred mode
[    28.136] (II) NOUVEAU(0): redX: 0.641 redY: 0.338   greenX: 0.311 greenY: 0.619
[    28.136] (II) NOUVEAU(0): blueX: 0.159 blueY: 0.059   whiteX: 0.313 whiteY: 0.329
[    28.136] (II) NOUVEAU(0): Supported established timings:
[    28.136] (II) NOUVEAU(0): 720x400@70Hz
[    28.136] (II) NOUVEAU(0): 640x480@60Hz
[    28.136] (II) NOUVEAU(0): 640x480@67Hz
[    28.136] (II) NOUVEAU(0): 640x480@75Hz
[    28.136] (II) NOUVEAU(0): 800x600@56Hz
[    28.136] (II) NOUVEAU(0): 800x600@60Hz
[    28.136] (II) NOUVEAU(0): 800x600@72Hz
[    28.136] (II) NOUVEAU(0): 800x600@75Hz
[    28.136] (II) NOUVEAU(0): 832x624@75Hz
[    28.136] (II) NOUVEAU(0): 1024x768@60Hz
[    28.136] (II) NOUVEAU(0): 1024x768@70Hz
[    28.136] (II) NOUVEAU(0): 1024x768@75Hz
[    28.136] (II) NOUVEAU(0): 1280x1024@75Hz
[    28.136] (II) NOUVEAU(0): Manufacturer's mask: 0
[    28.136] (II) NOUVEAU(0): Supported standard timings:
[    28.136] (II) NOUVEAU(0): #0: hsize: 1920  vsize 1080  refresh: 60  vid: 49361
[    28.136] (II) NOUVEAU(0): #1: hsize: 1280  vsize 960  refresh: 60  vid: 16513
[    28.136] (II) NOUVEAU(0): #2: hsize: 1280  vsize 1024  refresh: 60  vid: 32897
[    28.136] (II) NOUVEAU(0): #3: hsize: 1440  vsize 900  refresh: 60  vid: 149
[    28.136] (II) NOUVEAU(0): #4: hsize: 1680  vsize 1050  refresh: 60  vid: 179
[    28.136] (II) NOUVEAU(0): #5: hsize: 1152  vsize 864  refresh: 75  vid: 20337
[    28.136] (II) NOUVEAU(0): #6: hsize: 1280  vsize 720  refresh: 60  vid: 49281
[    28.136] (II) NOUVEAU(0): #7: hsize: 1280  vsize 800  refresh: 60  vid: 129
[    28.136] (II) NOUVEAU(0): Supported detailed timing:
[    28.136] (II) NOUVEAU(0): clock: 148.5 MHz   Image Size:  476 x 268 mm
[    28.136] (II) NOUVEAU(0): h_active: 1920  h_sync: 2008  h_sync_end 2052 h_blank_end 2200 h_border: 0
[    28.136] (II) NOUVEAU(0): v_active: 1080  v_sync: 1084  v_sync_end 1089 v_blanking: 1125 v_border: 0
[    28.136] (II) NOUVEAU(0): Serial No: D9LMTF298048
[    28.136] (II) NOUVEAU(0): Ranges: V min: 50 V max: 75 Hz, H min: 24 H max: 83 kHz, PixClock max 175 MHz
[    28.136] (II) NOUVEAU(0): Monitor name: ASUS VS228
[    28.136] (II) NOUVEAU(0): EDID (in hex):
[    28.136] (II) NOUVEAU(0): 	00ffffffffffff000469fd22408c0400
[    28.136] (II) NOUVEAU(0): 	2717010380301b782a2ac5a4564f9e28
[    28.136] (II) NOUVEAU(0): 	0f5054b7ef00d1c0814081809500b300
[    28.136] (II) NOUVEAU(0): 	714f81c08100023a801871382d40582c
[    28.136] (II) NOUVEAU(0): 	4500dc0c1100001e000000ff0044394c
[    28.136] (II) NOUVEAU(0): 	4d54463239383034380a000000fd0032
[    28.136] (II) NOUVEAU(0): 	4b185311000a202020202020000000fc
[    28.136] (II) NOUVEAU(0): 	00415355532056533232380a2020001e
[    28.137] (II) NOUVEAU(0): Printing probed modes for output DVI-I-1
[    28.137] (II) NOUVEAU(0): Modeline "1920x1080"x60.0  148.50  1920 2008 2052 2200  1080 1084 1089 1125 +hsync +vsync (67.5 kHz eP)
[    28.137] (II) NOUVEAU(0): Modeline "1680x1050"x59.9  119.00  1680 1728 1760 1840  1050 1053 1059 1080 +hsync -vsync (64.7 kHz e)
[    28.137] (II) NOUVEAU(0): Modeline "1280x1024"x75.0  135.00  1280 1296 1440 1688  1024 1025 1028 1066 +hsync +vsync (80.0 kHz e)
[    28.137] (II) NOUVEAU(0): Modeline "1280x1024"x60.0  108.00  1280 1328 1440 1688  1024 1025 1028 1066 +hsync +vsync (64.0 kHz e)
[    28.137] (II) NOUVEAU(0): Modeline "1440x900"x59.9   88.75  1440 1488 1520 1600  900 903 909 926 +hsync -vsync (55.5 kHz e)
[    28.137] (II) NOUVEAU(0): Modeline "1280x960"x60.0  108.00  1280 1376 1488 1800  960 961 964 1000 +hsync +vsync (60.0 kHz e)
[    28.137] (II) NOUVEAU(0): Modeline "1280x800"x59.9   71.00  1280 1328 1360 1440  800 803 809 823 +hsync -vsync (49.3 kHz e)
[    28.137] (II) NOUVEAU(0): Modeline "1152x864"x75.0  108.00  1152 1216 1344 1600  864 865 868 900 +hsync +vsync (67.5 kHz e)
[    28.137] (II) NOUVEAU(0): Modeline "1280x720"x60.0   74.25  1280 1390 1430 1650  720 725 730 750 +hsync +vsync (45.0 kHz e)
[    28.137] (II) NOUVEAU(0): Modeline "1024x768"x75.0   78.75  1024 1040 1136 1312  768 769 772 800 +hsync +vsync (60.0 kHz e)
[    28.137] (II) NOUVEAU(0): Modeline "1024x768"x70.1   75.00  1024 1048 1184 1328  768 771 777 806 -hsync -vsync (56.5 kHz e)
[    28.137] (II) NOUVEAU(0): Modeline "1024x768"x60.0   65.00  1024 1048 1184 1344  768 771 777 806 -hsync -vsync (48.4 kHz e)
[    28.137] (II) NOUVEAU(0): Modeline "832x624"x74.6   57.28  832 864 928 1152  624 625 628 667 -hsync -vsync (49.7 kHz e)
[    28.137] (II) NOUVEAU(0): Modeline "800x600"x72.2   50.00  800 856 976 1040  600 637 643 666 +hsync +vsync (48.1 kHz e)
[    28.137] (II) NOUVEAU(0): Modeline "800x600"x75.0   49.50  800 816 896 1056  600 601 604 625 +hsync +vsync (46.9 kHz e)
[    28.137] (II) NOUVEAU(0): Modeline "800x600"x60.3   40.00  800 840 968 1056  600 601 605 628 +hsync +vsync (37.9 kHz e)
[    28.137] (II) NOUVEAU(0): Modeline "800x600"x56.2   36.00  800 824 896 1024  600 601 603 625 +hsync +vsync (35.2 kHz e)
[    28.137] (II) NOUVEAU(0): Modeline "640x480"x75.0   31.50  640 656 720 840  480 481 484 500 -hsync -vsync (37.5 kHz e)
[    28.137] (II) NOUVEAU(0): Modeline "640x480"x66.7   30.24  640 704 768 864  480 483 486 525 -hsync -vsync (35.0 kHz e)
[    28.137] (II) NOUVEAU(0): Modeline "640x480"x59.9   25.18  640 656 752 800  480 490 492 525 -hsync -vsync (31.5 kHz e)
[    28.137] (II) NOUVEAU(0): Modeline "720x400"x70.1   28.32  720 738 846 900  400 412 414 449 -hsync +vsync (31.5 kHz e)
[    28.187] (II) NOUVEAU(0): EDID for output HDMI-1
[    28.187] (II) NOUVEAU(0): Manufacturer: ACI  Model: 22fd  Serial#: 260954
[    28.187] (II) NOUVEAU(0): Year: 2013  Week: 39
[    28.187] (II) NOUVEAU(0): EDID Version: 1.3
[    28.187] (II) NOUVEAU(0): Digital Display Input
[    28.187] (II) NOUVEAU(0): Max Image Size [cm]: horiz.: 48  vert.: 27
[    28.187] (II) NOUVEAU(0): Gamma: 2.20
[    28.187] (II) NOUVEAU(0): DPMS capabilities: Off
[    28.187] (II) NOUVEAU(0): Supported color encodings: RGB 4:4:4 YCrCb 4:4:4 
[    28.187] (II) NOUVEAU(0): First detailed timing is preferred mode
[    28.187] (II) NOUVEAU(0): redX: 0.641 redY: 0.338   greenX: 0.311 greenY: 0.619
[    28.187] (II) NOUVEAU(0): blueX: 0.159 blueY: 0.059   whiteX: 0.313 whiteY: 0.329
[    28.187] (II) NOUVEAU(0): Supported established timings:
[    28.187] (II) NOUVEAU(0): 720x400@70Hz
[    28.187] (II) NOUVEAU(0): 640x480@60Hz
[    28.187] (II) NOUVEAU(0): 640x480@67Hz
[    28.187] (II) NOUVEAU(0): 640x480@75Hz
[    28.187] (II) NOUVEAU(0): 800x600@56Hz
[    28.187] (II) NOUVEAU(0): 800x600@60Hz
[    28.187] (II) NOUVEAU(0): 800x600@72Hz
[    28.187] (II) NOUVEAU(0): 800x600@75Hz
[    28.187] (II) NOUVEAU(0): 832x624@75Hz
[    28.187] (II) NOUVEAU(0): 1024x768@60Hz
[    28.187] (II) NOUVEAU(0): 1024x768@70Hz
[    28.187] (II) NOUVEAU(0): 1024x768@75Hz
[    28.187] (II) NOUVEAU(0): 1280x1024@75Hz
[    28.187] (II) NOUVEAU(0): Manufacturer's mask: 0
[    28.187] (II) NOUVEAU(0): Supported standard timings:
[    28.187] (II) NOUVEAU(0): #0: hsize: 1920  vsize 1080  refresh: 60  vid: 49361
[    28.187] (II) NOUVEAU(0): #1: hsize: 1280  vsize 960  refresh: 60  vid: 16513
[    28.187] (II) NOUVEAU(0): #2: hsize: 1280  vsize 1024  refresh: 60  vid: 32897
[    28.187] (II) NOUVEAU(0): #3: hsize: 1440  vsize 900  refresh: 60  vid: 149
[    28.187] (II) NOUVEAU(0): #4: hsize: 1680  vsize 1050  refresh: 60  vid: 179
[    28.187] (II) NOUVEAU(0): #5: hsize: 1152  vsize 864  refresh: 75  vid: 20337
[    28.187] (II) NOUVEAU(0): #6: hsize: 1280  vsize 720  refresh: 60  vid: 49281
[    28.187] (II) NOUVEAU(0): #7: hsize: 1280  vsize 800  refresh: 60  vid: 129
[    28.187] (II) NOUVEAU(0): Supported detailed timing:
[    28.187] (II) NOUVEAU(0): clock: 148.5 MHz   Image Size:  476 x 268 mm
[    28.187] (II) NOUVEAU(0): h_active: 1920  h_sync: 2008  h_sync_end 2052 h_blank_end 2200 h_border: 0
[    28.187] (II) NOUVEAU(0): v_active: 1080  v_sync: 1084  v_sync_end 1089 v_blanking: 1125 v_border: 0
[    28.187] (II) NOUVEAU(0): Serial No: D9LMTF260954
[    28.187] (II) NOUVEAU(0): Ranges: V min: 50 V max: 75 Hz, H min: 24 H max: 83 kHz, PixClock max 175 MHz
[    28.187] (II) NOUVEAU(0): Monitor name: ASUS VS228
[    28.187] (II) NOUVEAU(0): Supported detailed timing:
[    28.187] (II) NOUVEAU(0): clock: 27.0 MHz   Image Size:  476 x 268 mm
[    28.187] (II) NOUVEAU(0): h_active: 720  h_sync: 736  h_sync_end 798 h_blank_end 858 h_border: 0
[    28.187] (II) NOUVEAU(0): v_active: 480  v_sync: 489  v_sync_end 495 v_blanking: 525 v_border: 0
[    28.187] (II) NOUVEAU(0): Supported detailed timing:
[    28.187] (II) NOUVEAU(0): clock: 74.2 MHz   Image Size:  476 x 268 mm
[    28.187] (II) NOUVEAU(0): h_active: 1280  h_sync: 1390  h_sync_end 1430 h_blank_end 1650 h_border: 0
[    28.187] (II) NOUVEAU(0): v_active: 720  v_sync: 725  v_sync_end 730 v_blanking: 750 v_border: 0
[    28.187] (II) NOUVEAU(0): Supported detailed timing:
[    28.187] (II) NOUVEAU(0): clock: 74.2 MHz   Image Size:  476 x 268 mm
[    28.187] (II) NOUVEAU(0): h_active: 1280  h_sync: 1720  h_sync_end 1760 h_blank_end 1980 h_border: 0
[    28.187] (II) NOUVEAU(0): v_active: 720  v_sync: 725  v_sync_end 730 v_blanking: 750 v_border: 0
[    28.187] (II) NOUVEAU(0): Supported detailed timing:
[    28.187] (II) NOUVEAU(0): clock: 27.0 MHz   Image Size:  476 x 268 mm
[    28.187] (II) NOUVEAU(0): h_active: 720  h_sync: 732  h_sync_end 796 h_blank_end 864 h_border: 0
[    28.187] (II) NOUVEAU(0): v_active: 576  v_sync: 581  v_sync_end 586 v_blanking: 625 v_border: 0
[    28.187] (II) NOUVEAU(0): Number of EDID sections to follow: 1
[    28.187] (II) NOUVEAU(0): EDID (in hex):
[    28.187] (II) NOUVEAU(0): 	00ffffffffffff000469fd225afb0300
[    28.187] (II) NOUVEAU(0): 	2717010380301b782a2ac5a4564f9e28
[    28.187] (II) NOUVEAU(0): 	0f5054b7ef00d1c0814081809500b300
[    28.187] (II) NOUVEAU(0): 	714f81c08100023a801871382d40582c
[    28.187] (II) NOUVEAU(0): 	4500dc0c1100001e000000ff0044394c
[    28.187] (II) NOUVEAU(0): 	4d54463236303935340a000000fd0032
[    28.187] (II) NOUVEAU(0): 	4b185311000a202020202020000000fc
[    28.187] (II) NOUVEAU(0): 	00415355532056533232380a2020019a
[    28.187] (II) NOUVEAU(0): 	020322714f0102031112130414050e0f
[    28.187] (II) NOUVEAU(0): 	1d1e1f10230917078301000065030c00
[    28.187] (II) NOUVEAU(0): 	10008c0ad08a20e02d10103e9600dc0c
[    28.187] (II) NOUVEAU(0): 	11000018011d007251d01e206e285500
[    28.187] (II) NOUVEAU(0): 	dc0c1100001e011d00bc52d01e20b828
[    28.187] (II) NOUVEAU(0): 	5540dc0c1100001e8c0ad09020403120
[    28.187] (II) NOUVEAU(0): 	0c405500dc0c11000018000000000000
[    28.187] (II) NOUVEAU(0): 	000000000000000000000000000000b5
[    28.187] (II) NOUVEAU(0): Printing probed modes for output HDMI-1
[    28.187] (II) NOUVEAU(0): Modeline "1920x1080"x60.0  148.50  1920 2008 2052 2200  1080 1084 1089 1125 +hsync +vsync (67.5 kHz eP)
[    28.187] (II) NOUVEAU(0): Modeline "1920x1080"x50.0  148.50  1920 2448 2492 2640  1080 1084 1089 1125 +hsync +vsync (56.2 kHz e)
[    28.187] (II) NOUVEAU(0): Modeline "1920x1080"x59.9  148.35  1920 2008 2052 2200  1080 1084 1089 1125 +hsync +vsync (67.4 kHz e)
[    28.187] (II) NOUVEAU(0): Modeline "1920x1080i"x60.0   74.25  1920 2008 2052 2200  1080 1084 1094 1125 interlace +hsync +vsync (33.8 kHz e)
[    28.187] (II) NOUVEAU(0): Modeline "1920x1080i"x50.0   74.25  1920 2448 2492 2640  1080 1084 1094 1125 interlace +hsync +vsync (28.1 kHz e)
[    28.187] (II) NOUVEAU(0): Modeline "1920x1080i"x59.9   74.18  1920 2008 2052 2200  1080 1084 1094 1125 interlace +hsync +vsync (33.7 kHz e)
[    28.187] (II) NOUVEAU(0): Modeline "1680x1050"x59.9  119.00  1680 1728 1760 1840  1050 1053 1059 1080 +hsync -vsync (64.7 kHz e)
[    28.187] (II) NOUVEAU(0): Modeline "1280x1024"x75.0  135.00  1280 1296 1440 1688  1024 1025 1028 1066 +hsync +vsync (80.0 kHz e)
[    28.187] (II) NOUVEAU(0): Modeline "1280x1024"x60.0  108.00  1280 1328 1440 1688  1024 1025 1028 1066 +hsync +vsync (64.0 kHz e)
[    28.187] (II) NOUVEAU(0): Modeline "1440x900"x59.9   88.75  1440 1488 1520 1600  900 903 909 926 +hsync -vsync (55.5 kHz e)
[    28.187] (II) NOUVEAU(0): Modeline "1280x960"x60.0  108.00  1280 1376 1488 1800  960 961 964 1000 +hsync +vsync (60.0 kHz e)
[    28.187] (II) NOUVEAU(0): Modeline "1280x800"x59.9   71.00  1280 1328 1360 1440  800 803 809 823 +hsync -vsync (49.3 kHz e)
[    28.187] (II) NOUVEAU(0): Modeline "1152x864"x75.0  108.00  1152 1216 1344 1600  864 865 868 900 +hsync +vsync (67.5 kHz e)
[    28.187] (II) NOUVEAU(0): Modeline "1280x720"x60.0   74.25  1280 1390 1430 1650  720 725 730 750 +hsync +vsync (45.0 kHz e)
[    28.188] (II) NOUVEAU(0): Modeline "1280x720"x50.0   74.25  1280 1720 1760 1980  720 725 730 750 +hsync +vsync (37.5 kHz e)
[    28.188] (II) NOUVEAU(0): Modeline "1280x720"x59.9   74.18  1280 1390 1430 1650  720 725 730 750 +hsync +vsync (45.0 kHz e)
[    28.188] (II) NOUVEAU(0): Modeline "1440x576"x50.0   54.00  1440 1464 1592 1728  576 581 586 625 -hsync -vsync (31.2 kHz e)
[    28.188] (II) NOUVEAU(0): Modeline "1024x768"x75.0   78.75  1024 1040 1136 1312  768 769 772 800 +hsync +vsync (60.0 kHz e)
[    28.188] (II) NOUVEAU(0): Modeline "1024x768"x70.1   75.00  1024 1048 1184 1328  768 771 777 806 -hsync -vsync (56.5 kHz e)
[    28.188] (II) NOUVEAU(0): Modeline "1024x768"x60.0   65.00  1024 1048 1184 1344  768 771 777 806 -hsync -vsync (48.4 kHz e)
[    28.188] (II) NOUVEAU(0): Modeline "1440x480"x60.0   54.05  1440 1472 1596 1716  480 489 495 525 -hsync -vsync (31.5 kHz e)
[    28.188] (II) NOUVEAU(0): Modeline "1440x480"x59.9   54.00  1440 1472 1596 1716  480 489 495 525 -hsync -vsync (31.5 kHz e)
[    28.188] (II) NOUVEAU(0): Modeline "832x624"x74.6   57.28  832 864 928 1152  624 625 628 667 -hsync -vsync (49.7 kHz e)
[    28.188] (II) NOUVEAU(0): Modeline "800x600"x72.2   50.00  800 856 976 1040  600 637 643 666 +hsync +vsync (48.1 kHz e)
[    28.188] (II) NOUVEAU(0): Modeline "800x600"x75.0   49.50  800 816 896 1056  600 601 604 625 +hsync +vsync (46.9 kHz e)
[    28.188] (II) NOUVEAU(0): Modeline "800x600"x60.3   40.00  800 840 968 1056  600 601 605 628 +hsync +vsync (37.9 kHz e)
[    28.188] (II) NOUVEAU(0): Modeline "800x600"x56.2   36.00  800 824 896 1024  600 601 603 625 +hsync +vsync (35.2 kHz e)
[    28.188] (II) NOUVEAU(0): Modeline "720x576"x50.0   27.00  720 732 796 864  576 581 586 625 -hsync -vsync (31.2 kHz e)
[    28.188] (II) NOUVEAU(0): Modeline "720x480"x60.0   27.03  720 736 798 858  480 489 495 525 -hsync -vsync (31.5 kHz e)
[    28.188] (II) NOUVEAU(0): Modeline "720x480"x59.9   27.00  720 736 798 858  480 489 495 525 -hsync -vsync (31.5 kHz e)
[    28.188] (II) NOUVEAU(0): Modeline "640x480"x75.0   31.50  640 656 720 840  480 481 484 500 -hsync -vsync (37.5 kHz e)
[    28.188] (II) NOUVEAU(0): Modeline "640x480"x66.7   30.24  640 704 768 864  480 483 486 525 -hsync -vsync (35.0 kHz e)
[    28.188] (II) NOUVEAU(0): Modeline "640x480"x60.0   25.20  640 656 752 800  480 490 492 525 -hsync -vsync (31.5 kHz e)
[    28.188] (II) NOUVEAU(0): Modeline "640x480"x59.9   25.18  640 656 752 800  480 490 492 525 -hsync -vsync (31.5 kHz e)
[    28.188] (II) NOUVEAU(0): Modeline "720x400"x70.1   28.32  720 738 846 900  400 412 414 449 -hsync +vsync (31.5 kHz e)
[    28.197] (II) NOUVEAU(0): EDID for output VGA-1
[    28.197] (II) NOUVEAU(0): Output DVI-I-1 connected
[    28.197] (II) NOUVEAU(0): Output HDMI-1 connected
[    28.197] (II) NOUVEAU(0): Output VGA-1 disconnected
[    28.197] (II) NOUVEAU(0): Using spanning desktop for initial modes
[    28.197] (II) NOUVEAU(0): Output DVI-I-1 using initial mode 1920x1080 +0+0
[    28.197] (II) NOUVEAU(0): Output HDMI-1 using initial mode 1920x1080 +1920+0
[    28.197] (II) NOUVEAU(0): Using default gamma of (1.0, 1.0, 1.0) unless otherwise stated.
[    28.197] (--) NOUVEAU(0): Virtual size is 3840x1080 (pitch 0)
[    28.197] (**) NOUVEAU(0):  Driver mode "1920x1080": 148.5 MHz (scaled from 0.0 MHz), 67.5 kHz, 60.0 Hz
[    28.197] (II) NOUVEAU(0): Modeline "1920x1080"x60.0  148.50  1920 2008 2052 2200  1080 1084 1089 1125 +hsync +vsync (67.5 kHz eP)
[    28.197] (**) NOUVEAU(0):  Driver mode "1680x1050": 119.0 MHz (scaled from 0.0 MHz), 64.7 kHz, 59.9 Hz
[    28.197] (II) NOUVEAU(0): Modeline "1680x1050"x59.9  119.00  1680 1728 1760 1840  1050 1053 1059 1080 +hsync -vsync (64.7 kHz e)
[    28.197] (**) NOUVEAU(0):  Driver mode "1280x1024": 135.0 MHz (scaled from 0.0 MHz), 80.0 kHz, 75.0 Hz
[    28.197] (II) NOUVEAU(0): Modeline "1280x1024"x75.0  135.00  1280 1296 1440 1688  1024 1025 1028 1066 +hsync +vsync (80.0 kHz e)
[    28.197] (**) NOUVEAU(0):  Driver mode "1280x1024": 108.0 MHz (scaled from 0.0 MHz), 64.0 kHz, 60.0 Hz
[    28.197] (II) NOUVEAU(0): Modeline "1280x1024"x60.0  108.00  1280 1328 1440 1688  1024 1025 1028 1066 +hsync +vsync (64.0 kHz e)
[    28.197] (**) NOUVEAU(0):  Driver mode "1440x900": 88.8 MHz (scaled from 0.0 MHz), 55.5 kHz, 59.9 Hz
[    28.197] (II) NOUVEAU(0): Modeline "1440x900"x59.9   88.75  1440 1488 1520 1600  900 903 909 926 +hsync -vsync (55.5 kHz e)
[    28.197] (**) NOUVEAU(0):  Driver mode "1280x960": 108.0 MHz (scaled from 0.0 MHz), 60.0 kHz, 60.0 Hz
[    28.197] (II) NOUVEAU(0): Modeline "1280x960"x60.0  108.00  1280 1376 1488 1800  960 961 964 1000 +hsync +vsync (60.0 kHz e)
[    28.198] (**) NOUVEAU(0):  Driver mode "1280x800": 71.0 MHz (scaled from 0.0 MHz), 49.3 kHz, 59.9 Hz
[    28.198] (II) NOUVEAU(0): Modeline "1280x800"x59.9   71.00  1280 1328 1360 1440  800 803 809 823 +hsync -vsync (49.3 kHz e)
[    28.198] (**) NOUVEAU(0):  Driver mode "1152x864": 108.0 MHz (scaled from 0.0 MHz), 67.5 kHz, 75.0 Hz
[    28.198] (II) NOUVEAU(0): Modeline "1152x864"x75.0  108.00  1152 1216 1344 1600  864 865 868 900 +hsync +vsync (67.5 kHz e)
[    28.198] (**) NOUVEAU(0):  Driver mode "1280x720": 74.2 MHz (scaled from 0.0 MHz), 45.0 kHz, 60.0 Hz
[    28.198] (II) NOUVEAU(0): Modeline "1280x720"x60.0   74.25  1280 1390 1430 1650  720 725 730 750 +hsync +vsync (45.0 kHz e)
[    28.198] (**) NOUVEAU(0):  Driver mode "1024x768": 78.8 MHz (scaled from 0.0 MHz), 60.0 kHz, 75.0 Hz
[    28.198] (II) NOUVEAU(0): Modeline "1024x768"x75.0   78.75  1024 1040 1136 1312  768 769 772 800 +hsync +vsync (60.0 kHz e)
[    28.198] (**) NOUVEAU(0):  Driver mode "1024x768": 75.0 MHz (scaled from 0.0 MHz), 56.5 kHz, 70.1 Hz
[    28.198] (II) NOUVEAU(0): Modeline "1024x768"x70.1   75.00  1024 1048 1184 1328  768 771 777 806 -hsync -vsync (56.5 kHz e)
[    28.198] (**) NOUVEAU(0):  Driver mode "1024x768": 65.0 MHz (scaled from 0.0 MHz), 48.4 kHz, 60.0 Hz
[    28.198] (II) NOUVEAU(0): Modeline "1024x768"x60.0   65.00  1024 1048 1184 1344  768 771 777 806 -hsync -vsync (48.4 kHz e)
[    28.198] (**) NOUVEAU(0):  Driver mode "832x624": 57.3 MHz (scaled from 0.0 MHz), 49.7 kHz, 74.6 Hz
[    28.198] (II) NOUVEAU(0): Modeline "832x624"x74.6   57.28  832 864 928 1152  624 625 628 667 -hsync -vsync (49.7 kHz e)
[    28.198] (**) NOUVEAU(0):  Driver mode "800x600": 50.0 MHz (scaled from 0.0 MHz), 48.1 kHz, 72.2 Hz
[    28.198] (II) NOUVEAU(0): Modeline "800x600"x72.2   50.00  800 856 976 1040  600 637 643 666 +hsync +vsync (48.1 kHz e)
[    28.198] (**) NOUVEAU(0):  Driver mode "800x600": 49.5 MHz (scaled from 0.0 MHz), 46.9 kHz, 75.0 Hz
[    28.198] (II) NOUVEAU(0): Modeline "800x600"x75.0   49.50  800 816 896 1056  600 601 604 625 +hsync +vsync (46.9 kHz e)
[    28.198] (**) NOUVEAU(0):  Driver mode "800x600": 40.0 MHz (scaled from 0.0 MHz), 37.9 kHz, 60.3 Hz
[    28.198] (II) NOUVEAU(0): Modeline "800x600"x60.3   40.00  800 840 968 1056  600 601 605 628 +hsync +vsync (37.9 kHz e)
[    28.198] (**) NOUVEAU(0):  Driver mode "800x600": 36.0 MHz (scaled from 0.0 MHz), 35.2 kHz, 56.2 Hz
[    28.198] (II) NOUVEAU(0): Modeline "800x600"x56.2   36.00  800 824 896 1024  600 601 603 625 +hsync +vsync (35.2 kHz e)
[    28.198] (**) NOUVEAU(0):  Driver mode "640x480": 31.5 MHz (scaled from 0.0 MHz), 37.5 kHz, 75.0 Hz
[    28.198] (II) NOUVEAU(0): Modeline "640x480"x75.0   31.50  640 656 720 840  480 481 484 500 -hsync -vsync (37.5 kHz e)
[    28.198] (**) NOUVEAU(0):  Driver mode "640x480": 30.2 MHz (scaled from 0.0 MHz), 35.0 kHz, 66.7 Hz
[    28.198] (II) NOUVEAU(0): Modeline "640x480"x66.7   30.24  640 704 768 864  480 483 486 525 -hsync -vsync (35.0 kHz e)
[    28.198] (**) NOUVEAU(0):  Driver mode "640x480": 25.2 MHz (scaled from 0.0 MHz), 31.5 kHz, 59.9 Hz
[    28.198] (II) NOUVEAU(0): Modeline "640x480"x59.9   25.18  640 656 752 800  480 490 492 525 -hsync -vsync (31.5 kHz e)
[    28.198] (**) NOUVEAU(0):  Driver mode "720x400": 28.3 MHz (scaled from 0.0 MHz), 31.5 kHz, 70.1 Hz
[    28.198] (II) NOUVEAU(0): Modeline "720x400"x70.1   28.32  720 738 846 900  400 412 414 449 -hsync +vsync (31.5 kHz e)
[    28.198] (==) NOUVEAU(0): DPI set to (96, 96)
[    28.198] (II) Loading sub module "fb"
[    28.198] (II) LoadModule: "fb"
[    28.198] (II) Loading /usr/lib64/xorg/modules/libfb.so
[    28.204] (II) Module fb: vendor="X.Org Foundation"
[    28.204] 	compiled for 1.18.4, module version = 1.0.0
[    28.204] 	ABI class: X.Org ANSI C Emulation, version 0.4
[    28.204] (II) Loading sub module "shadowfb"
[    28.204] (II) LoadModule: "shadowfb"
[    28.204] (II) Loading /usr/lib64/xorg/modules/libshadowfb.so
[    28.206] (II) Module shadowfb: vendor="X.Org Foundation"
[    28.206] 	compiled for 1.18.4, module version = 1.0.0
[    28.206] 	ABI class: X.Org ANSI C Emulation, version 0.4
[    28.206] (II) UnloadModule: "modesetting"
[    28.206] (II) Unloading modesetting
[    28.206] (II) UnloadModule: "fbdev"
[    28.206] (II) Unloading fbdev
[    28.206] (II) UnloadSubModule: "fbdevhw"
[    28.206] (II) Unloading fbdevhw
[    28.206] (II) UnloadModule: "vesa"
[    28.206] (II) Unloading vesa
[    28.206] (--) Depth 24 pixmap format is 32 bpp
[    28.212] (II) NOUVEAU(0): Channel setup complete.
[    28.218] (II) NOUVEAU(0): [COPY] async initialised.
[    28.222] (II) NOUVEAU(0): Hardware support for Present enabled
[    28.222] (II) NOUVEAU(0): [DRI2] Setup complete
[    28.222] (II) NOUVEAU(0): [DRI2]   DRI driver: nouveau
[    28.222] (II) NOUVEAU(0): [DRI2]   VDPAU driver: nouveau
[    28.222] (II) Loading sub module "exa"
[    28.222] (II) LoadModule: "exa"
[    28.222] (II) Loading /usr/lib64/xorg/modules/libexa.so
[    28.224] (II) Module exa: vendor="X.Org Foundation"
[    28.225] 	compiled for 1.18.4, module version = 2.6.0
[    28.225] 	ABI class: X.Org Video Driver, version 20.0
[    28.225] (II) EXA(0): Driver allocated offscreen pixmaps
[    28.225] (II) EXA(0): Driver registered support for the following operations:
[    28.225] (II)         Solid
[    28.225] (II)         Copy
[    28.225] (II)         Composite (RENDER acceleration)
[    28.225] (II)         UploadToScreen
[    28.225] (II)         DownloadFromScreen
[    28.225] (==) NOUVEAU(0): Backing store enabled
[    28.225] (==) NOUVEAU(0): Silken mouse enabled
[    28.226] (II) NOUVEAU(0): [XvMC] Associated with Nouveau GeForce 8/9 Textured Video.
[    28.226] (II) NOUVEAU(0): [XvMC] Extension initialized.
[    28.226] (==) NOUVEAU(0): DPMS enabled
[    28.226] (II) NOUVEAU(0): RandR 1.2 enabled, ignore the following RandR disabled message.
[    28.228] (--) RandR disabled
[    28.235] (II) SELinux: Disabled by boolean
[    28.251] (II) AIGLX: enabled GLX_MESA_copy_sub_buffer
[    28.251] (II) AIGLX: enabled GLX_ARB_create_context
[    28.251] (II) AIGLX: enabled GLX_ARB_create_context_profile
[    28.251] (II) AIGLX: enabled GLX_EXT_create_context_es{,2}_profile
[    28.252] (II) AIGLX: enabled GLX_INTEL_swap_event
[    28.252] (II) AIGLX: enabled GLX_SGI_swap_control and GLX_MESA_swap_control
[    28.252] (II) AIGLX: enabled GLX_EXT_framebuffer_sRGB
[    28.252] (II) AIGLX: enabled GLX_ARB_fbconfig_float
[    28.252] (II) AIGLX: enabled GLX_EXT_fbconfig_packed_float
[    28.252] (II) AIGLX: GLX_EXT_texture_from_pixmap backed by buffer objects
[    28.253] (II) AIGLX: Loaded and initialized nouveau
[    28.253] (II) GLX: Initialized DRI2 GL provider for screen 0
[    28.260] (II) NOUVEAU(0): NVEnterVT is called.
[    28.295] (II) NOUVEAU(0): Setting screen physical size to 1016 x 285
[    28.295] resize called 3840 1080
[    28.342] (II) config/udev: Adding input device Power Button (/dev/input/event1)
[    28.342] (**) Power Button: Applying InputClass "evdev keyboard catchall"
[    28.342] (**) Power Button: Applying InputClass "libinput keyboard catchall"
[    28.342] (**) Power Button: Applying InputClass "system-keyboard"
[    28.342] (II) LoadModule: "libinput"
[    28.342] (II) Loading /usr/lib64/xorg/modules/input/libinput_drv.so
[    28.349] (II) Module libinput: vendor="X.Org Foundation"
[    28.349] 	compiled for 1.18.3, module version = 0.19.0
[    28.349] 	Module class: X.Org XInput Driver
[    28.349] 	ABI class: X.Org XInput driver, version 22.1
[    28.351] (II) systemd-logind: got fd for /dev/input/event1 13:65 fd 14 paused 0
[    28.351] (II) Using input driver 'libinput' for 'Power Button'
[    28.351] (**) Power Button: always reports core events
[    28.351] (**) Option "Device" "/dev/input/event1"
[    28.351] (**) Option "_source" "server/udev"
[    28.351] (II) input device 'Power Button', /dev/input/event1 is tagged by udev as: Keyboard
[    28.351] (II) input device 'Power Button', /dev/input/event1 is a keyboard
[    28.351] (**) Option "config_info" "udev:/sys/devices/LNXSYSTM:00/LNXPWRBN:00/input/input1/event1"
[    28.351] (II) XINPUT: Adding extended input device "Power Button" (type: KEYBOARD, id 6)
[    28.351] (**) Option "xkb_layout" "us"
[    28.352] (II) input device 'Power Button', /dev/input/event1 is tagged by udev as: Keyboard
[    28.352] (II) input device 'Power Button', /dev/input/event1 is a keyboard
[    28.352] (II) config/udev: Adding input device Power Button (/dev/input/event0)
[    28.352] (**) Power Button: Applying InputClass "evdev keyboard catchall"
[    28.352] (**) Power Button: Applying InputClass "libinput keyboard catchall"
[    28.352] (**) Power Button: Applying InputClass "system-keyboard"
[    28.353] (II) systemd-logind: got fd for /dev/input/event0 13:64 fd 17 paused 0
[    28.353] (II) Using input driver 'libinput' for 'Power Button'
[    28.353] (**) Power Button: always reports core events
[    28.353] (**) Option "Device" "/dev/input/event0"
[    28.353] (**) Option "_source" "server/udev"
[    28.353] (II) input device 'Power Button', /dev/input/event0 is tagged by udev as: Keyboard
[    28.353] (II) input device 'Power Button', /dev/input/event0 is a keyboard
[    28.353] (**) Option "config_info" "udev:/sys/devices/LNXSYSTM:00/LNXSYBUS:00/PNP0C0C:00/input/input0/event0"
[    28.353] (II) XINPUT: Adding extended input device "Power Button" (type: KEYBOARD, id 7)
[    28.353] (**) Option "xkb_layout" "us"
[    28.354] (II) input device 'Power Button', /dev/input/event0 is tagged by udev as: Keyboard
[    28.354] (II) input device 'Power Button', /dev/input/event0 is a keyboard
[    28.355] (II) config/udev: Adding input device HDA NVidia HDMI/DP,pcm=3 (/dev/input/event13)
[    28.355] (II) No input driver specified, ignoring this device.
[    28.355] (II) This device may have been added with another device file.
[    28.355] (II) config/udev: Adding input device HDA NVidia HDMI/DP,pcm=7 (/dev/input/event14)
[    28.355] (II) No input driver specified, ignoring this device.
[    28.355] (II) This device may have been added with another device file.
[    28.355] (II) config/udev: Adding input device HDA NVidia HDMI/DP,pcm=8 (/dev/input/event15)
[    28.355] (II) No input driver specified, ignoring this device.
[    28.355] (II) This device may have been added with another device file.
[    28.356] (II) config/udev: Adding input device HDA NVidia HDMI/DP,pcm=9 (/dev/input/event16)
[    28.356] (II) No input driver specified, ignoring this device.
[    28.356] (II) This device may have been added with another device file.
[    28.356] (II) config/udev: Adding input device Microsoft Comfort Mouse 6000 (/dev/input/event2)
[    28.357] (**) Microsoft Comfort Mouse 6000: Applying InputClass "evdev pointer catchall"
[    28.357] (**) Microsoft Comfort Mouse 6000: Applying InputClass "evdev keyboard catchall"
[    28.357] (**) Microsoft Comfort Mouse 6000: Applying InputClass "libinput pointer catchall"
[    28.357] (**) Microsoft Comfort Mouse 6000: Applying InputClass "libinput keyboard catchall"
[    28.357] (**) Microsoft Comfort Mouse 6000: Applying InputClass "system-keyboard"
[    28.357] (II) systemd-logind: got fd for /dev/input/event2 13:66 fd 18 paused 0
[    28.357] (II) Using input driver 'libinput' for 'Microsoft Comfort Mouse 6000'
[    28.357] (**) Microsoft Comfort Mouse 6000: always reports core events
[    28.357] (**) Option "Device" "/dev/input/event2"
[    28.357] (**) Option "_source" "server/udev"
[    28.358] (II) input device 'Microsoft Comfort Mouse 6000', /dev/input/event2 is tagged by udev as: Keyboard Mouse
[    28.358] (II) input device 'Microsoft Comfort Mouse 6000', /dev/input/event2 is a pointer caps
[    28.358] (II) input device 'Microsoft Comfort Mouse 6000', /dev/input/event2 is a keyboard
[    28.358] (II) libinput: Microsoft Comfort Mouse 6000: needs a virtual subdevice
[    28.358] (**) Option "config_info" "udev:/sys/devices/pci0000:00/0000:00:12.1/usb4/4-2/4-2:1.0/0003:045E:077D.0001/input/input5/event2"
[    28.358] (II) XINPUT: Adding extended input device "Microsoft Comfort Mouse 6000" (type: MOUSE, id 8)
[    28.358] (**) Option "AccelerationScheme" "none"
[    28.358] (**) Microsoft Comfort Mouse 6000: (accel) selected scheme none/0
[    28.358] (**) Microsoft Comfort Mouse 6000: (accel) acceleration factor: 2.000
[    28.358] (**) Microsoft Comfort Mouse 6000: (accel) acceleration threshold: 4
[    28.359] (II) input device 'Microsoft Comfort Mouse 6000', /dev/input/event2 is tagged by udev as: Keyboard Mouse
[    28.359] (II) input device 'Microsoft Comfort Mouse 6000', /dev/input/event2 is a pointer caps
[    28.359] (II) input device 'Microsoft Comfort Mouse 6000', /dev/input/event2 is a keyboard
[    28.359] (II) config/udev: Adding input device Microsoft Comfort Mouse 6000 (/dev/input/mouse0)
[    28.359] (**) Microsoft Comfort Mouse 6000: Applying InputClass "system-keyboard"
[    28.359] (II) No input driver specified, ignoring this device.
[    28.359] (II) This device may have been added with another device file.
[    28.360] (II) config/udev: Adding input device Microsoft Comfort Curve Keyboard 3000 (/dev/input/event3)
[    28.360] (**) Microsoft Comfort Curve Keyboard 3000: Applying InputClass "evdev keyboard catchall"
[    28.360] (**) Microsoft Comfort Curve Keyboard 3000: Applying InputClass "libinput keyboard catchall"
[    28.360] (**) Microsoft Comfort Curve Keyboard 3000: Applying InputClass "system-keyboard"
[    28.361] (II) systemd-logind: got fd for /dev/input/event3 13:67 fd 19 paused 0
[    28.361] (II) Using input driver 'libinput' for 'Microsoft Comfort Curve Keyboard 3000'
[    28.361] (**) Microsoft Comfort Curve Keyboard 3000: always reports core events
[    28.361] (**) Option "Device" "/dev/input/event3"
[    28.361] (**) Option "_source" "server/udev"
[    28.361] (II) input device 'Microsoft Comfort Curve Keyboard 3000', /dev/input/event3 is tagged by udev as: Keyboard
[    28.361] (II) input device 'Microsoft Comfort Curve Keyboard 3000', /dev/input/event3 is a keyboard
[    28.361] (**) Option "config_info" "udev:/sys/devices/pci0000:00/0000:00:12.1/usb4/4-3/4-3:1.0/0003:045E:0780.0002/input/input6/event3"
[    28.361] (II) XINPUT: Adding extended input device "Microsoft Comfort Curve Keyboard 3000" (type: KEYBOARD, id 9)
[    28.361] (**) Option "xkb_layout" "us"
[    28.362] (II) input device 'Microsoft Comfort Curve Keyboard 3000', /dev/input/event3 is tagged by udev as: Keyboard
[    28.362] (II) input device 'Microsoft Comfort Curve Keyboard 3000', /dev/input/event3 is a keyboard
[    28.363] (II) config/udev: Adding input device Microsoft Comfort Curve Keyboard 3000 (/dev/input/event4)
[    28.363] (**) Microsoft Comfort Curve Keyboard 3000: Applying InputClass "evdev keyboard catchall"
[    28.363] (**) Microsoft Comfort Curve Keyboard 3000: Applying InputClass "libinput keyboard catchall"
[    28.363] (**) Microsoft Comfort Curve Keyboard 3000: Applying InputClass "system-keyboard"
[    28.363] (II) systemd-logind: got fd for /dev/input/event4 13:68 fd 20 paused 0
[    28.364] (II) Using input driver 'libinput' for 'Microsoft Comfort Curve Keyboard 3000'
[    28.364] (**) Microsoft Comfort Curve Keyboard 3000: always reports core events
[    28.364] (**) Option "Device" "/dev/input/event4"
[    28.364] (**) Option "_source" "server/udev"
[    28.364] (II) input device 'Microsoft Comfort Curve Keyboard 3000', /dev/input/event4 is tagged by udev as: Keyboard
[    28.364] (II) input device 'Microsoft Comfort Curve Keyboard 3000', /dev/input/event4 is a keyboard
[    28.364] (II) libinput: Microsoft Comfort Curve Keyboard 3000: needs a virtual subdevice
[    28.364] (**) Option "config_info" "udev:/sys/devices/pci0000:00/0000:00:12.1/usb4/4-3/4-3:1.1/0003:045E:0780.0003/input/input7/event4"
[    28.364] (II) XINPUT: Adding extended input device "Microsoft Comfort Curve Keyboard 3000" (type: MOUSE, id 10)
[    28.364] (**) Option "AccelerationScheme" "none"
[    28.364] (**) Microsoft Comfort Curve Keyboard 3000: (accel) selected scheme none/0
[    28.364] (**) Microsoft Comfort Curve Keyboard 3000: (accel) acceleration factor: 2.000
[    28.364] (**) Microsoft Comfort Curve Keyboard 3000: (accel) acceleration threshold: 4
[    28.365] (II) input device 'Microsoft Comfort Curve Keyboard 3000', /dev/input/event4 is tagged by udev as: Keyboard
[    28.365] (II) input device 'Microsoft Comfort Curve Keyboard 3000', /dev/input/event4 is a keyboard
[    28.365] (II) config/udev: Adding input device HDA ATI SB Line (/dev/input/event7)
[    28.365] (II) No input driver specified, ignoring this device.
[    28.365] (II) This device may have been added with another device file.
[    28.365] (II) config/udev: Adding input device HDA ATI SB Line Out Front (/dev/input/event8)
[    28.365] (II) No input driver specified, ignoring this device.
[    28.365] (II) This device may have been added with another device file.
[    28.366] (II) config/udev: Adding input device HDA ATI SB Line Out Surround (/dev/input/event9)
[    28.366] (II) No input driver specified, ignoring this device.
[    28.366] (II) This device may have been added with another device file.
[    28.366] (II) config/udev: Adding input device HDA ATI SB Line Out CLFE (/dev/input/event10)
[    28.366] (II) No input driver specified, ignoring this device.
[    28.366] (II) This device may have been added with another device file.
[    28.366] (II) config/udev: Adding input device HDA ATI SB Line Out Side (/dev/input/event11)
[    28.366] (II) No input driver specified, ignoring this device.
[    28.366] (II) This device may have been added with another device file.
[    28.366] (II) config/udev: Adding input device HDA ATI SB Front Headphone (/dev/input/event12)
[    28.366] (II) No input driver specified, ignoring this device.
[    28.366] (II) This device may have been added with another device file.
[    28.367] (II) config/udev: Adding input device HDA ATI SB Rear Mic (/dev/input/event5)
[    28.367] (II) No input driver specified, ignoring this device.
[    28.367] (II) This device may have been added with another device file.
[    28.367] (II) config/udev: Adding input device HDA ATI SB Front Mic (/dev/input/event6)
[    28.367] (II) No input driver specified, ignoring this device.
[    28.367] (II) This device may have been added with another device file.
[    28.373] (**) Microsoft Comfort Mouse 6000: Applying InputClass "evdev pointer catchall"
[    28.373] (**) Microsoft Comfort Mouse 6000: Applying InputClass "evdev keyboard catchall"
[    28.373] (**) Microsoft Comfort Mouse 6000: Applying InputClass "libinput pointer catchall"
[    28.373] (**) Microsoft Comfort Mouse 6000: Applying InputClass "libinput keyboard catchall"
[    28.374] (**) Microsoft Comfort Mouse 6000: Applying InputClass "system-keyboard"
[    28.374] (II) systemd-logind: returning pre-existing fd for /dev/input/event2 13:66
[    28.374] (II) Using input driver 'libinput' for 'Microsoft Comfort Mouse 6000'
[    28.374] (**) Microsoft Comfort Mouse 6000: always reports core events
[    28.374] (**) Option "Device" "/dev/input/event2"
[    28.374] (**) Option "_source" "_driver/libinput"
[    28.375] (II) libinput: Microsoft Comfort Mouse 6000: is a virtual subdevice
[    28.375] (**) Option "config_info" "udev:/sys/devices/pci0000:00/0000:00:12.1/usb4/4-2/4-2:1.0/0003:045E:077D.0001/input/input5/event2"
[    28.375] (II) XINPUT: Adding extended input device "Microsoft Comfort Mouse 6000" (type: KEYBOARD, id 11)
[    28.375] (**) Option "xkb_layout" "us"
[    28.376] (**) Microsoft Comfort Curve Keyboard 3000: Applying InputClass "evdev keyboard catchall"
[    28.377] (**) Microsoft Comfort Curve Keyboard 3000: Applying InputClass "libinput keyboard catchall"
[    28.377] (**) Microsoft Comfort Curve Keyboard 3000: Applying InputClass "system-keyboard"
[    28.377] (II) systemd-logind: returning pre-existing fd for /dev/input/event4 13:68
[    28.377] (II) Using input driver 'libinput' for 'Microsoft Comfort Curve Keyboard 3000'
[    28.378] (**) Microsoft Comfort Curve Keyboard 3000: always reports core events
[    28.378] (**) Option "Device" "/dev/input/event4"
[    28.378] (**) Option "_source" "_driver/libinput"
[    28.379] (II) libinput: Microsoft Comfort Curve Keyboard 3000: is a virtual subdevice
[    28.379] (**) Option "config_info" "udev:/sys/devices/pci0000:00/0000:00:12.1/usb4/4-3/4-3:1.1/0003:045E:0780.0003/input/input7/event4"
[    28.380] (II) XINPUT: Adding extended input device "Microsoft Comfort Curve Keyboard 3000" (type: KEYBOARD, id 12)
[    28.380] (**) Option "xkb_layout" "us"
[    29.268] (II) NOUVEAU(0): EDID vendor "ACI", prod id 8957
[    29.269] (II) NOUVEAU(0): Using EDID range info for horizontal sync
[    29.269] (II) NOUVEAU(0): Using EDID range info for vertical refresh
[    29.269] (II) NOUVEAU(0): Printing DDC gathered Modelines:
[    29.269] (II) NOUVEAU(0): Modeline "1920x1080"x0.0  148.50  1920 2008 2052 2200  1080 1084 1089 1125 +hsync +vsync (67.5 kHz eP)
[    29.269] (II) NOUVEAU(0): Modeline "800x600"x0.0   40.00  800 840 968 1056  600 601 605 628 +hsync +vsync (37.9 kHz e)
[    29.269] (II) NOUVEAU(0): Modeline "800x600"x0.0   36.00  800 824 896 1024  600 601 603 625 +hsync +vsync (35.2 kHz e)
[    29.269] (II) NOUVEAU(0): Modeline "640x480"x0.0   31.50  640 656 720 840  480 481 484 500 -hsync -vsync (37.5 kHz e)
[    29.269] (II) NOUVEAU(0): Modeline "640x480"x0.0   30.24  640 704 768 864  480 483 486 525 -hsync -vsync (35.0 kHz e)
[    29.269] (II) NOUVEAU(0): Modeline "640x480"x0.0   25.18  640 656 752 800  480 490 492 525 -hsync -vsync (31.5 kHz e)
[    29.269] (II) NOUVEAU(0): Modeline "720x400"x0.0   28.32  720 738 846 900  400 412 414 449 -hsync +vsync (31.5 kHz e)
[    29.269] (II) NOUVEAU(0): Modeline "1280x1024"x0.0  135.00  1280 1296 1440 1688  1024 1025 1028 1066 +hsync +vsync (80.0 kHz e)
[    29.269] (II) NOUVEAU(0): Modeline "1024x768"x0.0   78.75  1024 1040 1136 1312  768 769 772 800 +hsync +vsync (60.0 kHz e)
[    29.269] (II) NOUVEAU(0): Modeline "1024x768"x0.0   75.00  1024 1048 1184 1328  768 771 777 806 -hsync -vsync (56.5 kHz e)
[    29.269] (II) NOUVEAU(0): Modeline "1024x768"x0.0   65.00  1024 1048 1184 1344  768 771 777 806 -hsync -vsync (48.4 kHz e)
[    29.269] (II) NOUVEAU(0): Modeline "832x624"x0.0   57.28  832 864 928 1152  624 625 628 667 -hsync -vsync (49.7 kHz e)
[    29.269] (II) NOUVEAU(0): Modeline "800x600"x0.0   49.50  800 816 896 1056  600 601 604 625 +hsync +vsync (46.9 kHz e)
[    29.269] (II) NOUVEAU(0): Modeline "800x600"x0.0   50.00  800 856 976 1040  600 637 643 666 +hsync +vsync (48.1 kHz e)
[    29.269] (II) NOUVEAU(0): Modeline "1920x1080"x60.0  172.80  1920 2040 2248 2576  1080 1081 1084 1118 -hsync +vsync (67.1 kHz e)
[    29.269] (II) NOUVEAU(0): Modeline "1280x960"x0.0  108.00  1280 1376 1488 1800  960 961 964 1000 +hsync +vsync (60.0 kHz e)
[    29.269] (II) NOUVEAU(0): Modeline "1280x1024"x0.0  108.00  1280 1328 1440 1688  1024 1025 1028 1066 +hsync +vsync (64.0 kHz e)
[    29.269] (II) NOUVEAU(0): Modeline "1440x900"x0.0   88.75  1440 1488 1520 1600  900 903 909 926 +hsync -vsync (55.5 kHz e)
[    29.269] (II) NOUVEAU(0): Modeline "1680x1050"x0.0  119.00  1680 1728 1760 1840  1050 1053 1059 1080 +hsync -vsync (64.7 kHz e)
[    29.269] (II) NOUVEAU(0): Modeline "1152x864"x0.0  108.00  1152 1216 1344 1600  864 865 868 900 +hsync +vsync (67.5 kHz e)
[    29.269] (II) NOUVEAU(0): Modeline "1280x720"x60.0   74.48  1280 1336 1472 1664  720 721 724 746 -hsync +vsync (44.8 kHz e)
[    29.269] (II) NOUVEAU(0): Modeline "1280x800"x0.0   71.00  1280 1328 1360 1440  800 803 809 823 +hsync -vsync (49.3 kHz e)
[    29.646] resize called 3840 1080
[    34.263] (II) NOUVEAU(0): EDID vendor "ACI", prod id 8957
[    34.263] (II) NOUVEAU(0): Using hsync ranges from config file
[    34.263] (II) NOUVEAU(0): Using vrefresh ranges from config file
[    34.263] (II) NOUVEAU(0): Printing DDC gathered Modelines:
[    34.263] (II) NOUVEAU(0): Modeline "1920x1080"x0.0  148.50  1920 2008 2052 2200  1080 1084 1089 1125 +hsync +vsync (67.5 kHz eP)
[    34.263] (II) NOUVEAU(0): Modeline "800x600"x0.0   40.00  800 840 968 1056  600 601 605 628 +hsync +vsync (37.9 kHz e)
[    34.264] (II) NOUVEAU(0): Modeline "800x600"x0.0   36.00  800 824 896 1024  600 601 603 625 +hsync +vsync (35.2 kHz e)
[    34.264] (II) NOUVEAU(0): Modeline "640x480"x0.0   31.50  640 656 720 840  480 481 484 500 -hsync -vsync (37.5 kHz e)
[    34.266] (II) NOUVEAU(0): Modeline "640x480"x0.0   30.24  640 704 768 864  480 483 486 525 -hsync -vsync (35.0 kHz e)
[    34.266] (II) NOUVEAU(0): Modeline "640x480"x0.0   25.18  640 656 752 800  480 490 492 525 -hsync -vsync (31.5 kHz e)
[    34.266] (II) NOUVEAU(0): Modeline "720x400"x0.0   28.32  720 738 846 900  400 412 414 449 -hsync +vsync (31.5 kHz e)
[    34.266] (II) NOUVEAU(0): Modeline "1280x1024"x0.0  135.00  1280 1296 1440 1688  1024 1025 1028 1066 +hsync +vsync (80.0 kHz e)
[    34.266] (II) NOUVEAU(0): Modeline "1024x768"x0.0   78.75  1024 1040 1136 1312  768 769 772 800 +hsync +vsync (60.0 kHz e)
[    34.266] (II) NOUVEAU(0): Modeline "1024x768"x0.0   75.00  1024 1048 1184 1328  768 771 777 806 -hsync -vsync (56.5 kHz e)
[    34.266] (II) NOUVEAU(0): Modeline "1024x768"x0.0   65.00  1024 1048 1184 1344  768 771 777 806 -hsync -vsync (48.4 kHz e)
[    34.267] (II) NOUVEAU(0): Modeline "832x624"x0.0   57.28  832 864 928 1152  624 625 628 667 -hsync -vsync (49.7 kHz e)
[    34.267] (II) NOUVEAU(0): Modeline "800x600"x0.0   49.50  800 816 896 1056  600 601 604 625 +hsync +vsync (46.9 kHz e)
[    34.267] (II) NOUVEAU(0): Modeline "800x600"x0.0   50.00  800 856 976 1040  600 637 643 666 +hsync +vsync (48.1 kHz e)
[    34.267] (II) NOUVEAU(0): Modeline "1920x1080"x60.0  172.80  1920 2040 2248 2576  1080 1081 1084 1118 -hsync +vsync (67.1 kHz e)
[    34.267] (II) NOUVEAU(0): Modeline "1280x960"x0.0  108.00  1280 1376 1488 1800  960 961 964 1000 +hsync +vsync (60.0 kHz e)
[    34.267] (II) NOUVEAU(0): Modeline "1280x1024"x0.0  108.00  1280 1328 1440 1688  1024 1025 1028 1066 +hsync +vsync (64.0 kHz e)
[    34.267] (II) NOUVEAU(0): Modeline "1440x900"x0.0   88.75  1440 1488 1520 1600  900 903 909 926 +hsync -vsync (55.5 kHz e)
[    34.267] (II) NOUVEAU(0): Modeline "1680x1050"x0.0  119.00  1680 1728 1760 1840  1050 1053 1059 1080 +hsync -vsync (64.7 kHz e)
[    34.268] (II) NOUVEAU(0): Modeline "1152x864"x0.0  108.00  1152 1216 1344 1600  864 865 868 900 +hsync +vsync (67.5 kHz e)
[    34.268] (II) NOUVEAU(0): Modeline "1280x720"x60.0   74.48  1280 1336 1472 1664  720 721 724 746 -hsync +vsync (44.8 kHz e)
[    34.268] (II) NOUVEAU(0): Modeline "1280x800"x0.0   71.00  1280 1328 1360 1440  800 803 809 823 +hsync -vsync (49.3 kHz e)
[    43.984] (II) NOUVEAU(0): EDID vendor "ACI", prod id 8957
[    43.984] (II) NOUVEAU(0): Using hsync ranges from config file
[    43.984] (II) NOUVEAU(0): Using vrefresh ranges from config file
[    43.984] (II) NOUVEAU(0): Printing DDC gathered Modelines:
[    43.984] (II) NOUVEAU(0): Modeline "1920x1080"x0.0  148.50  1920 2008 2052 2200  1080 1084 1089 1125 +hsync +vsync (67.5 kHz eP)
[    43.984] (II) NOUVEAU(0): Modeline "800x600"x0.0   40.00  800 840 968 1056  600 601 605 628 +hsync +vsync (37.9 kHz e)
[    43.984] (II) NOUVEAU(0): Modeline "800x600"x0.0   36.00  800 824 896 1024  600 601 603 625 +hsync +vsync (35.2 kHz e)
[    43.984] (II) NOUVEAU(0): Modeline "640x480"x0.0   31.50  640 656 720 840  480 481 484 500 -hsync -vsync (37.5 kHz e)
[    43.984] (II) NOUVEAU(0): Modeline "640x480"x0.0   30.24  640 704 768 864  480 483 486 525 -hsync -vsync (35.0 kHz e)
[    43.984] (II) NOUVEAU(0): Modeline "640x480"x0.0   25.18  640 656 752 800  480 490 492 525 -hsync -vsync (31.5 kHz e)
[    43.984] (II) NOUVEAU(0): Modeline "720x400"x0.0   28.32  720 738 846 900  400 412 414 449 -hsync +vsync (31.5 kHz e)
[    43.984] (II) NOUVEAU(0): Modeline "1280x1024"x0.0  135.00  1280 1296 1440 1688  1024 1025 1028 1066 +hsync +vsync (80.0 kHz e)
[    43.984] (II) NOUVEAU(0): Modeline "1024x768"x0.0   78.75  1024 1040 1136 1312  768 769 772 800 +hsync +vsync (60.0 kHz e)
[    43.984] (II) NOUVEAU(0): Modeline "1024x768"x0.0   75.00  1024 1048 1184 1328  768 771 777 806 -hsync -vsync (56.5 kHz e)
[    43.984] (II) NOUVEAU(0): Modeline "1024x768"x0.0   65.00  1024 1048 1184 1344  768 771 777 806 -hsync -vsync (48.4 kHz e)
[    43.984] (II) NOUVEAU(0): Modeline "832x624"x0.0   57.28  832 864 928 1152  624 625 628 667 -hsync -vsync (49.7 kHz e)
[    43.984] (II) NOUVEAU(0): Modeline "800x600"x0.0   49.50  800 816 896 1056  600 601 604 625 +hsync +vsync (46.9 kHz e)
[    43.984] (II) NOUVEAU(0): Modeline "800x600"x0.0   50.00  800 856 976 1040  600 637 643 666 +hsync +vsync (48.1 kHz e)
[    43.984] (II) NOUVEAU(0): Modeline "1920x1080"x60.0  172.80  1920 2040 2248 2576  1080 1081 1084 1118 -hsync +vsync (67.1 kHz e)
[    43.984] (II) NOUVEAU(0): Modeline "1280x960"x0.0  108.00  1280 1376 1488 1800  960 961 964 1000 +hsync +vsync (60.0 kHz e)
[    43.984] (II) NOUVEAU(0): Modeline "1280x1024"x0.0  108.00  1280 1328 1440 1688  1024 1025 1028 1066 +hsync +vsync (64.0 kHz e)
[    43.984] (II) NOUVEAU(0): Modeline "1440x900"x0.0   88.75  1440 1488 1520 1600  900 903 909 926 +hsync -vsync (55.5 kHz e)
[    43.984] (II) NOUVEAU(0): Modeline "1680x1050"x0.0  119.00  1680 1728 1760 1840  1050 1053 1059 1080 +hsync -vsync (64.7 kHz e)
[    43.984] (II) NOUVEAU(0): Modeline "1152x864"x0.0  108.00  1152 1216 1344 1600  864 865 868 900 +hsync +vsync (67.5 kHz e)
[    43.984] (II) NOUVEAU(0): Modeline "1280x720"x60.0   74.48  1280 1336 1472 1664  720 721 724 746 -hsync +vsync (44.8 kHz e)
[    43.984] (II) NOUVEAU(0): Modeline "1280x800"x0.0   71.00  1280 1328 1360 1440  800 803 809 823 +hsync -vsync (49.3 kHz e)
[    46.358] (II) NOUVEAU(0): EDID vendor "ACI", prod id 8957
[    46.358] (II) NOUVEAU(0): Using hsync ranges from config file
[    46.358] (II) NOUVEAU(0): Using vrefresh ranges from config file
[    46.358] (II) NOUVEAU(0): Printing DDC gathered Modelines:
[    46.358] (II) NOUVEAU(0): Modeline "1920x1080"x0.0  148.50  1920 2008 2052 2200  1080 1084 1089 1125 +hsync +vsync (67.5 kHz eP)
[    46.358] (II) NOUVEAU(0): Modeline "800x600"x0.0   40.00  800 840 968 1056  600 601 605 628 +hsync +vsync (37.9 kHz e)
[    46.358] (II) NOUVEAU(0): Modeline "800x600"x0.0   36.00  800 824 896 1024  600 601 603 625 +hsync +vsync (35.2 kHz e)
[    46.358] (II) NOUVEAU(0): Modeline "640x480"x0.0   31.50  640 656 720 840  480 481 484 500 -hsync -vsync (37.5 kHz e)
[    46.358] (II) NOUVEAU(0): Modeline "640x480"x0.0   30.24  640 704 768 864  480 483 486 525 -hsync -vsync (35.0 kHz e)
[    46.358] (II) NOUVEAU(0): Modeline "640x480"x0.0   25.18  640 656 752 800  480 490 492 525 -hsync -vsync (31.5 kHz e)
[    46.358] (II) NOUVEAU(0): Modeline "720x400"x0.0   28.32  720 738 846 900  400 412 414 449 -hsync +vsync (31.5 kHz e)
[    46.358] (II) NOUVEAU(0): Modeline "1280x1024"x0.0  135.00  1280 1296 1440 1688  1024 1025 1028 1066 +hsync +vsync (80.0 kHz e)
[    46.358] (II) NOUVEAU(0): Modeline "1024x768"x0.0   78.75  1024 1040 1136 1312  768 769 772 800 +hsync +vsync (60.0 kHz e)
[    46.358] (II) NOUVEAU(0): Modeline "1024x768"x0.0   75.00  1024 1048 1184 1328  768 771 777 806 -hsync -vsync (56.5 kHz e)
[    46.358] (II) NOUVEAU(0): Modeline "1024x768"x0.0   65.00  1024 1048 1184 1344  768 771 777 806 -hsync -vsync (48.4 kHz e)
[    46.358] (II) NOUVEAU(0): Modeline "832x624"x0.0   57.28  832 864 928 1152  624 625 628 667 -hsync -vsync (49.7 kHz e)
[    46.358] (II) NOUVEAU(0): Modeline "800x600"x0.0   49.50  800 816 896 1056  600 601 604 625 +hsync +vsync (46.9 kHz e)
[    46.358] (II) NOUVEAU(0): Modeline "800x600"x0.0   50.00  800 856 976 1040  600 637 643 666 +hsync +vsync (48.1 kHz e)
[    46.358] (II) NOUVEAU(0): Modeline "1920x1080"x60.0  172.80  1920 2040 2248 2576  1080 1081 1084 1118 -hsync +vsync (67.1 kHz e)
[    46.358] (II) NOUVEAU(0): Modeline "1280x960"x0.0  108.00  1280 1376 1488 1800  960 961 964 1000 +hsync +vsync (60.0 kHz e)
[    46.358] (II) NOUVEAU(0): Modeline "1280x1024"x0.0  108.00  1280 1328 1440 1688  1024 1025 1028 1066 +hsync +vsync (64.0 kHz e)
[    46.358] (II) NOUVEAU(0): Modeline "1440x900"x0.0   88.75  1440 1488 1520 1600  900 903 909 926 +hsync -vsync (55.5 kHz e)
[    46.358] (II) NOUVEAU(0): Modeline "1680x1050"x0.0  119.00  1680 1728 1760 1840  1050 1053 1059 1080 +hsync -vsync (64.7 kHz e)
[    46.358] (II) NOUVEAU(0): Modeline "1152x864"x0.0  108.00  1152 1216 1344 1600  864 865 868 900 +hsync +vsync (67.5 kHz e)
[    46.358] (II) NOUVEAU(0): Modeline "1280x720"x60.0   74.48  1280 1336 1472 1664  720 721 724 746 -hsync +vsync (44.8 kHz e)
[    46.358] (II) NOUVEAU(0): Modeline "1280x800"x0.0   71.00  1280 1328 1360 1440  800 803 809 823 +hsync -vsync (49.3 kHz e)
[    54.876] resize called 3840 1080
[    55.013] (II) NOUVEAU(0): EDID vendor "ACI", prod id 8957
[    55.013] (II) NOUVEAU(0): Using hsync ranges from config file
[    55.013] (II) NOUVEAU(0): Using vrefresh ranges from config file
[    55.013] (II) NOUVEAU(0): Printing DDC gathered Modelines:
[    55.013] (II) NOUVEAU(0): Modeline "1920x1080"x0.0  148.50  1920 2008 2052 2200  1080 1084 1089 1125 +hsync +vsync (67.5 kHz eP)
[    55.013] (II) NOUVEAU(0): Modeline "800x600"x0.0   40.00  800 840 968 1056  600 601 605 628 +hsync +vsync (37.9 kHz e)
[    55.013] (II) NOUVEAU(0): Modeline "800x600"x0.0   36.00  800 824 896 1024  600 601 603 625 +hsync +vsync (35.2 kHz e)
[    55.013] (II) NOUVEAU(0): Modeline "640x480"x0.0   31.50  640 656 720 840  480 481 484 500 -hsync -vsync (37.5 kHz e)
[    55.013] (II) NOUVEAU(0): Modeline "640x480"x0.0   30.24  640 704 768 864  480 483 486 525 -hsync -vsync (35.0 kHz e)
[    55.014] (II) NOUVEAU(0): Modeline "640x480"x0.0   25.18  640 656 752 800  480 490 492 525 -hsync -vsync (31.5 kHz e)
[    55.014] (II) NOUVEAU(0): Modeline "720x400"x0.0   28.32  720 738 846 900  400 412 414 449 -hsync +vsync (31.5 kHz e)
[    55.014] (II) NOUVEAU(0): Modeline "1280x1024"x0.0  135.00  1280 1296 1440 1688  1024 1025 1028 1066 +hsync +vsync (80.0 kHz e)
[    55.014] (II) NOUVEAU(0): Modeline "1024x768"x0.0   78.75  1024 1040 1136 1312  768 769 772 800 +hsync +vsync (60.0 kHz e)
[    55.014] (II) NOUVEAU(0): Modeline "1024x768"x0.0   75.00  1024 1048 1184 1328  768 771 777 806 -hsync -vsync (56.5 kHz e)
[    55.014] (II) NOUVEAU(0): Modeline "1024x768"x0.0   65.00  1024 1048 1184 1344  768 771 777 806 -hsync -vsync (48.4 kHz e)
[    55.014] (II) NOUVEAU(0): Modeline "832x624"x0.0   57.28  832 864 928 1152  624 625 628 667 -hsync -vsync (49.7 kHz e)
[    55.014] (II) NOUVEAU(0): Modeline "800x600"x0.0   49.50  800 816 896 1056  600 601 604 625 +hsync +vsync (46.9 kHz e)
[    55.014] (II) NOUVEAU(0): Modeline "800x600"x0.0   50.00  800 856 976 1040  600 637 643 666 +hsync +vsync (48.1 kHz e)
[    55.014] (II) NOUVEAU(0): Modeline "1920x1080"x60.0  172.80  1920 2040 2248 2576  1080 1081 1084 1118 -hsync +vsync (67.1 kHz e)
[    55.014] (II) NOUVEAU(0): Modeline "1280x960"x0.0  108.00  1280 1376 1488 1800  960 961 964 1000 +hsync +vsync (60.0 kHz e)
[    55.014] (II) NOUVEAU(0): Modeline "1280x1024"x0.0  108.00  1280 1328 1440 1688  1024 1025 1028 1066 +hsync +vsync (64.0 kHz e)
[    55.014] (II) NOUVEAU(0): Modeline "1440x900"x0.0   88.75  1440 1488 1520 1600  900 903 909 926 +hsync -vsync (55.5 kHz e)
[    55.014] (II) NOUVEAU(0): Modeline "1680x1050"x0.0  119.00  1680 1728 1760 1840  1050 1053 1059 1080 +hsync -vsync (64.7 kHz e)
[    55.014] (II) NOUVEAU(0): Modeline "1152x864"x0.0  108.00  1152 1216 1344 1600  864 865 868 900 +hsync +vsync (67.5 kHz e)
[    55.014] (II) NOUVEAU(0): Modeline "1280x720"x60.0   74.48  1280 1336 1472 1664  720 721 724 746 -hsync +vsync (44.8 kHz e)
[    55.014] (II) NOUVEAU(0): Modeline "1280x800"x0.0   71.00  1280 1328 1360 1440  800 803 809 823 +hsync -vsync (49.3 kHz e)
[    56.168] (II) NOUVEAU(0): EDID vendor "ACI", prod id 8957
[    56.169] (II) NOUVEAU(0): Using hsync ranges from config file
[    56.169] (II) NOUVEAU(0): Using vrefresh ranges from config file
[    56.169] (II) NOUVEAU(0): Printing DDC gathered Modelines:
[    56.169] (II) NOUVEAU(0): Modeline "1920x1080"x0.0  148.50  1920 2008 2052 2200  1080 1084 1089 1125 +hsync +vsync (67.5 kHz eP)
[    56.169] (II) NOUVEAU(0): Modeline "800x600"x0.0   40.00  800 840 968 1056  600 601 605 628 +hsync +vsync (37.9 kHz e)
[    56.169] (II) NOUVEAU(0): Modeline "800x600"x0.0   36.00  800 824 896 1024  600 601 603 625 +hsync +vsync (35.2 kHz e)
[    56.169] (II) NOUVEAU(0): Modeline "640x480"x0.0   31.50  640 656 720 840  480 481 484 500 -hsync -vsync (37.5 kHz e)
[    56.169] (II) NOUVEAU(0): Modeline "640x480"x0.0   30.24  640 704 768 864  480 483 486 525 -hsync -vsync (35.0 kHz e)
[    56.169] (II) NOUVEAU(0): Modeline "640x480"x0.0   25.18  640 656 752 800  480 490 492 525 -hsync -vsync (31.5 kHz e)
[    56.169] (II) NOUVEAU(0): Modeline "720x400"x0.0   28.32  720 738 846 900  400 412 414 449 -hsync +vsync (31.5 kHz e)
[    56.169] (II) NOUVEAU(0): Modeline "1280x1024"x0.0  135.00  1280 1296 1440 1688  1024 1025 1028 1066 +hsync +vsync (80.0 kHz e)
[    56.169] (II) NOUVEAU(0): Modeline "1024x768"x0.0   78.75  1024 1040 1136 1312  768 769 772 800 +hsync +vsync (60.0 kHz e)
[    56.169] (II) NOUVEAU(0): Modeline "1024x768"x0.0   75.00  1024 1048 1184 1328  768 771 777 806 -hsync -vsync (56.5 kHz e)
[    56.169] (II) NOUVEAU(0): Modeline "1024x768"x0.0   65.00  1024 1048 1184 1344  768 771 777 806 -hsync -vsync (48.4 kHz e)
[    56.169] (II) NOUVEAU(0): Modeline "832x624"x0.0   57.28  832 864 928 1152  624 625 628 667 -hsync -vsync (49.7 kHz e)
[    56.169] (II) NOUVEAU(0): Modeline "800x600"x0.0   49.50  800 816 896 1056  600 601 604 625 +hsync +vsync (46.9 kHz e)
[    56.169] (II) NOUVEAU(0): Modeline "800x600"x0.0   50.00  800 856 976 1040  600 637 643 666 +hsync +vsync (48.1 kHz e)
[    56.169] (II) NOUVEAU(0): Modeline "1920x1080"x60.0  172.80  1920 2040 2248 2576  1080 1081 1084 1118 -hsync +vsync (67.1 kHz e)
[    56.169] (II) NOUVEAU(0): Modeline "1280x960"x0.0  108.00  1280 1376 1488 1800  960 961 964 1000 +hsync +vsync (60.0 kHz e)
[    56.169] (II) NOUVEAU(0): Modeline "1280x1024"x0.0  108.00  1280 1328 1440 1688  1024 1025 1028 1066 +hsync +vsync (64.0 kHz e)
[    56.169] (II) NOUVEAU(0): Modeline "1440x900"x0.0   88.75  1440 1488 1520 1600  900 903 909 926 +hsync -vsync (55.5 kHz e)
[    56.169] (II) NOUVEAU(0): Modeline "1680x1050"x0.0  119.00  1680 1728 1760 1840  1050 1053 1059 1080 +hsync -vsync (64.7 kHz e)
[    56.169] (II) NOUVEAU(0): Modeline "1152x864"x0.0  108.00  1152 1216 1344 1600  864 865 868 900 +hsync +vsync (67.5 kHz e)
[    56.169] (II) NOUVEAU(0): Modeline "1280x720"x60.0   74.48  1280 1336 1472 1664  720 721 724 746 -hsync +vsync (44.8 kHz e)
[    56.169] (II) NOUVEAU(0): Modeline "1280x800"x0.0   71.00  1280 1328 1360 1440  800 803 809 823 +hsync -vsync (49.3 kHz e)
